<?xml version="1.0"?>
<!DOCTYPE coverage SYSTEM "http://cobertura.sourceforge.net/xml/coverage-04.dtd">
<coverage line-rate="1.0000000000000000" branch-rate="1.0000000000000000" lines-covered="14" lines-valid="14"
          branches-covered="0" branches-valid="0" complexity="0.0" timestamp="1530852376" version="Slather 2.4.5">
    <sources>
        <source>...</source>
    </sources>
    <packages>
        <package name="PackageName" line-rate="0.7895196506550218" branch-rate="1.0000000000000000" complexity="0.0">
            <classes>
                <class name="ClassName.m" filename="PackageName/ClassName.m"
                       line-rate="1.0000000000000000" branch-rate="1.0000000000000000" complexity="0.0">
                    <methods/>
                    <lines>
                        <line number="13" branch="false" hits="7"/>
                        <line number="14" branch="false" hits="7"/>
                    </lines>
                </class>
            </classes>
        </package>
    </packages>
</coverage>
