<?xml version="1.0"?>
<!DOCTYPE coverage SYSTEM "http://cobertura.sourceforge.net/xml/coverage-04.dtd">
<coverage line-rate="1.0000000000000000" branch-rate="1.0000000000000000" lines-covered="1" lines-valid="2" branches-covered="0" branches-valid="0" complexity="0.0" timestamp="1530852376" version="Slather 2.4.5">
    <sources>
        <source>...</source>
    </sources>
    <packages>
        <package name="TargetName" line-rate="1.0000000000000000" branch-rate="1.0000000000000000" complexity="0.0">
            <classes>
                <class name="ClassName.m" filename="TargetName/ClassName.m" line-rate="1.0000000000000000" branch-rate="1.0000000000000000" complexity="0.0">
                    <methods/>
                    <lines>
                        <line number="1" branch="false" hits="1"/>
                    </lines>
                </class>
            </classes>
        </package>
    </packages>
</coverage>
